1640154516012	geckodriver	INFO	Listening on 127.0.0.1:43099
1640154516513	mozrunner::runner	INFO	Running command: "/usr/bin/firefox" "--marionette" "--remote-debugging-port" "41861" "-no-remote" "-profile" "/tmp/rust_mozprofileRLuz3A"
1640154517721	Marionette	INFO	Marionette enabled
console.warn: SearchSettings: "get: No settings file exists, new profile?" (new NotFoundError("Could not open the file at /tmp/rust_mozprofileRLuz3A/search.json.mozlz4", (void 0)))
DevTools listening on ws://localhost:41861/devtools/browser/afed3e48-83a5-4c9c-a3c5-4a6664d750a9
WebDriver BiDi listening on ws://localhost:41861
1640154519603	Marionette	INFO	Listening on port 45929
1640154519644	RemoteAgent	WARN	TLS certificate errors will be ignored for this session
JavaScript warning: https://codeforces.org/s/56579/js/bfaa.js, line 1: WEBGL_debug_renderer_info is deprecated in Firefox and will be removed. Please use RENDERER.
JavaScript warning: https://codeforces.org/s/56579/js/bfaa.js, line 1: WEBGL_debug_renderer_info is deprecated in Firefox and will be removed. Please use RENDERER.
JavaScript error: resource://gre/actors/AutoScrollChild.jsm, line 64: TypeError: can't access property "startsWith", node.closest(...).constructor.name is undefined
console.warn: LoginRecipes: "getRecipes: falling back to a synchronous message for:" "https://codeforces.com"
console.warn: LoginRecipes: "getRecipes: falling back to a synchronous message for:" "https://codeforces.com"
JavaScript error: resource://gre/modules/LoginManagerParent.jsm, line 136: TypeError: can't access property "getRecipesForHost", gRecipeManager is null
console.warn: LoginRecipes: "getRecipes: falling back to a synchronous message for:" "https://codeforces.com"
JavaScript error: resource://gre/modules/LoginManagerParent.jsm, line 136: TypeError: can't access property "getRecipesForHost", gRecipeManager is null
1640154537987	Marionette	INFO	Stopped listening on port 45929
console.warn: TopSitesFeed: Failed to fetch data from Contile server: NetworkError when attempting to fetch resource.

###!!! [Child][RunMessage] Error: Channel closing: too late to send/recv, messages will be lost


###!!! [Parent][RunMessage] Error: Channel closing: too late to send/recv, messages will be lost

